<?xml version="1.0" encoding="UTF-8"?>
<testng-results ignored="0" total="1" passed="1" failed="0" skipped="0">
  <reporter-output>
  </reporter-output>
  <suite started-at="2024-11-23T16:47:39 IST" name="Default suite" finished-at="2024-11-23T16:47:56 IST" duration-ms="16245">
    <groups>
    </groups>
    <test started-at="2024-11-23T16:47:39 IST" name="Default test" finished-at="2024-11-23T16:47:56 IST" duration-ms="16245">
      <class name="SeleniumProgramPractice.AllLinksProgram">
        <test-method signature="AllLinks()[pri:0, instance:SeleniumProgramPractice.AllLinksProgram@a38c7fe]" started-at="2024-11-23T16:47:39 IST" name="AllLinks" finished-at="2024-11-23T16:47:56 IST" duration-ms="16173" status="PASS">
          <reporter-output>
          </reporter-output>
        </test-method> <!-- AllLinks -->
      </class> <!-- SeleniumProgramPractice.AllLinksProgram -->
    </test> <!-- Default test -->
  </suite> <!-- Default suite -->
</testng-results>
